"<br/>| Scraping Category - Autos"
"<br/>| Category URL => http://kleinanzeigen.ebay.de/anzeigen/s-autos/c216"
"<br/>| Total Pages to scrape in this category | 10"
"<br/>| Extracting ads link | "
"<br/> Formating and validating "
"<br/> Numbers starting from 15 16 17 ? 0"
"<br/>| Scraping ads URL => http://kleinanzeigen.ebay.de/anzeigen/s-anzeige/sommerzeit-cabriozeit/336414316-216-5534 | contact no. - |"
"<br/> Formating and validating 157 31400530"
"<br/> Numbers starting from 15 16 17 ? 1"
"<br/> Number is valid 15731400530"
"<br/>| Scraping ads URL => http://kleinanzeigen.ebay.de/anzeigen/s-anzeige/ankauf-von-unfallfahrzeugen-verkauf-von-mercedes-ersatzteilen/331408805-216-2035 | contact no. - 15731400530|"
"<br/>|final Phone 15731400530 |"
"<br/> Formating and validating 1759087936"
"<br/> Numbers starting from 15 16 17 ? 1"
"<br/> Number is valid 1759087936"
"<br/>| Scraping ads URL => http://kleinanzeigen.ebay.de/anzeigen/s-anzeige/verschiedene-autos-und-ersatzteile/341892912-216-250 | contact no. - 1759087936|"
"<br/>|final Phone 1759087936 |"
"<br/> Formating and validating 176-24490952"
"<br/> Numbers starting from 15 16 17 ? 1"
"<br/> Number is valid 17624490952"
"<br/>| Scraping ads URL => http://kleinanzeigen.ebay.de/anzeigen/s-anzeige/fiat-doblo-cargo-multijet-1,3l-gruene-plakette/340607146-216-1606 | contact no. - 17624490952|"
"<br/>|final Phone 17624490952 |"
"<br/> Formating and validating 1637712795"
"<br/> Numbers starting from 15 16 17 ? 1"
"<br/> Number is valid 1637712795"
"<br/>| Scraping ads URL => http://kleinanzeigen.ebay.de/anzeigen/s-anzeige/absoluter-festpreis-/341885298-216-2155 | contact no. - 1637712795|"
"<br/>|final Phone 1637712795 |"
"<br/> Formating and validating 1723530249"
"<br/> Numbers starting from 15 16 17 ? 1"
"<br/> Number is valid 1723530249"
"<br/>| Scraping ads URL => http://kleinanzeigen.ebay.de/anzeigen/s-anzeige/trabi-trabant-p601l-cabrio/341922001-216-7770 | contact no. - 1723530249|"
"<br/>|final Phone 1723530249 |"
"<br/> Formating and validating 157 35696001"
"<br/> Numbers starting from 15 16 17 ? 1"
"<br/> Number is valid 15735696001"
"<br/>| Scraping ads URL => http://kleinanzeigen.ebay.de/anzeigen/s-anzeige/opel-astra-f/341890908-216-6936 | contact no. - 15735696001|"
"<br/>|final Phone 15735696001 |"
"<br/> Formating and validating 15129109179"
"<br/> Numbers starting from 15 16 17 ? 1"
"<br/> Number is valid 15129109179"
"<br/>| Scraping ads URL => http://kleinanzeigen.ebay.de/anzeigen/s-anzeige/anfaengerauto-oder-winterauto/341890631-216-7034 | contact no. - 15129109179|"
"<br/>|final Phone 15129109179 |"
"<br/> Formating and validating 15217601952"
"<br/> Numbers starting from 15 16 17 ? 1"
"<br/> Number is valid 15217601952"
"<br/>| Scraping ads URL => http://kleinanzeigen.ebay.de/anzeigen/s-anzeige/renault-laguna-2-grandtour-privilege/341921938-216-1770 | contact no. - 15217601952|"
"<br/>|final Phone 15217601952 |"
"<br/> Formating and validating "
"<br/> Numbers starting from 15 16 17 ? 0"
"<br/>| Scraping ads URL => http://kleinanzeigen.ebay.de/anzeigen/s-anzeige/a-klasse-a190-getriebeschaden+ersatzgetriebe-tuev-10-16/341921913-216-17135 | contact no. - |"
"<br/> Formating and validating 17630670200"
"<br/> Numbers starting from 15 16 17 ? 1"
"<br/> Number is valid 17630670200"
"<br/>| Scraping ads URL => http://kleinanzeigen.ebay.de/anzeigen/s-anzeige/vw-t4-syncro/341921886-216-2536 | contact no. - 17630670200|"
"<br/>|final Phone 17630670200 |"
"<br/> Formating and validating 15788314984"
"<br/> Numbers starting from 15 16 17 ? 1"
"<br/> Number is valid 15788314984"
"<br/>| Scraping ads URL => http://kleinanzeigen.ebay.de/anzeigen/s-anzeige/ich-biete-eine-saubere-golf-3-mit-leder-und-tuev-bis-naechstes-jahr/341921904-216-1013 | contact no. - 15788314984|"
"<br/>|final Phone 15788314984 |"
"<br/> Formating and validating "
"<br/> Numbers starting from 15 16 17 ? 0"
"<br/>| Scraping ads URL => http://kleinanzeigen.ebay.de/anzeigen/s-anzeige/mercedes-benz-a-klasse-a140-w168/341921844-216-4692 | contact no. - |"
"<br/> Formating and validating 3763/400419"
"<br/> Numbers starting from 15 16 17 ? 0"
"<br/>| Scraping ads URL => http://kleinanzeigen.ebay.de/anzeigen/s-anzeige/vw-golf-iii-kombi-1-8-gl-,-sehr-gepflegt/341921856-216-4008 | contact no. - |"
"<br/> Formating and validating 15753164658"
"<br/> Numbers starting from 15 16 17 ? 1"
"<br/> Number is valid 15753164658"
"<br/>| Scraping ads URL => http://kleinanzeigen.ebay.de/anzeigen/s-anzeige/golf-3-mit-tuev-2016/339573614-216-2998 | contact no. - 15753164658|"
"<br/>|final Phone 15753164658 |"
